[2021-04-27 11:23:39] local.ERROR: SQLSTATE[28000] [1045] Access denied for user 'root'@'localhost' (using password: NO) (SQL: select * from `sessions` where `id` = Jg0KtYS6dmMYqw2VdaKdqsHj1pQS6q3HwUhiDkgh limit 1) {"exception":"[object] (Illuminate\\Database\\QueryException(code: 1045): SQLSTATE[28000] [1045] Access denied for user 'root'@'localhost' (using password: NO) (SQL: select * from `sessions` where `id` = Jg0KtYS6dmMYqw2VdaKdqsHj1pQS6q3HwUhiDkgh limit 1) at /home/oiibl6l60ctq/public_html/warmzilla.diginordic.co.uk/vendor/laravel/framework/src/Illuminate/Database/Connection.php:678)
[stacktrace]
#0 /home/oiibl6l60ctq/public_html/warmzilla.diginordic.co.uk/vendor/laravel/framework/src/Illuminate/Database/Connection.php(638): Illuminate\\Database\\Connection->runQueryCallback('select * from `...', Array, Object(Closure))
#1 /home/oiibl6l60ctq/public_html/warmzilla.diginordic.co.uk/vendor/laravel/framework/src/Illuminate/Database/Connection.php(346): Illuminate\\Database\\Connection->run('select * from `...', Array, Object(Closure))
#2 /home/oiibl6l60ctq/public_html/warmzilla.diginordic.co.uk/vendor/laravel/framework/src/Illuminate/Database/Query/Builder.php(2313): Illuminate\\Database\\Connection->select('select * from `...', Array, true)
#3 /home/oiibl6l60ctq/public_html/warmzilla.diginordic.co.uk/vendor/laravel/framework/src/Illuminate/Database/Query/Builder.php(2301): Illuminate\\Database\\Query\\Builder->runSelect()
#4 /home/oiibl6l60ctq/public_html/warmzilla.diginordic.co.uk/vendor/laravel/framework/src/Illuminate/Database/Query/Builder.php(2796): Illuminate\\Database\\Query\\Builder->Illuminate\\Database\\Query\\{closure}()
#5 /home/oiibl6l60ctq/public_html/warmzilla.diginordic.co.uk/vendor/laravel/framework/src/Illuminate/Database/Query/Builder.php(2302): Illuminate\\Database\\Query\\Builder->onceWithColumns(Array, Object(Closure))
#6 /home/oiibl6l60ctq/public_html/warmzilla.diginordic.co.uk/vendor/laravel/framework/src/Illuminate/Database/Concerns/BuildsQueries.php(170): Illuminate\\Database\\Query\\Builder->get(Array)
#7 /home/oiibl6l60ctq/public_html/warmzilla.diginordic.co.uk/vendor/laravel/framework/src/Illuminate/Database/Query/Builder.php(2276): Illuminate\\Database\\Query\\Builder->first(Array)
#8 /home/oiibl6l60ctq/public_html/warmzilla.diginordic.co.uk/vendor/laravel/framework/src/Illuminate/Session/DatabaseSessionHandler.php(91): Illuminate\\Database\\Query\\Builder->find('Jg0KtYS6dmMYqw2...')
#9 /home/oiibl6l60ctq/public_html/warmzilla.diginordic.co.uk/vendor/laravel/framework/src/Illuminate/Session/Store.php(97): Illuminate\\Session\\DatabaseSessionHandler->read('Jg0KtYS6dmMYqw2...')
#10 /home/oiibl6l60ctq/public_html/warmzilla.diginordic.co.uk/vendor/laravel/framework/src/Illuminate/Session/Store.php(87): Illuminate\\Session\\Store->readFromHandler()
#11 /home/oiibl6l60ctq/public_html/warmzilla.diginordic.co.uk/vendor/laravel/framework/src/Illuminate/Session/Store.php(71): Illuminate\\Session\\Store->loadSession()
#12 /home/oiibl6l60ctq/public_html/warmzilla.diginordic.co.uk/vendor/laravel/framework/src/Illuminate/Session/Middleware/StartSession.php(147): Illuminate\\Session\\Store->start()
#13 /home/oiibl6l60ctq/public_html/warmzilla.diginordic.co.uk/vendor/laravel/framework/src/Illuminate/Support/helpers.php(263): Illuminate\\Session\\Middleware\\StartSession->Illuminate\\Session\\Middleware\\{closure}(Object(Illuminate\\Session\\Store))
#14 /home/oiibl6l60ctq/public_html/warmzilla.diginordic.co.uk/vendor/laravel/framework/src/Illuminate/Session/Middleware/StartSession.php(148): tap(Object(Illuminate\\Session\\Store), Object(Closure))
#15 /home/oiibl6l60ctq/public_html/warmzilla.diginordic.co.uk/vendor/laravel/framework/src/Illuminate/Session/Middleware/StartSession.php(116): Illuminate\\Session\\Middleware\\StartSession->startSession(Object(Illuminate\\Http\\Request), Object(Illuminate\\Session\\Store))
#16 /home/oiibl6l60ctq/public_html/warmzilla.diginordic.co.uk/vendor/laravel/framework/src/Illuminate/Session/Middleware/StartSession.php(63): Illuminate\\Session\\Middleware\\StartSession->handleStatefulRequest(Object(Illuminate\\Http\\Request), Object(Illuminate\\Session\\Store), Object(Closure))
#17 /home/oiibl6l60ctq/public_html/warmzilla.diginordic.co.uk/vendor/laravel/framework/src/Illuminate/Pipeline/Pipeline.php(167): Illuminate\\Session\\Middleware\\StartSession->handle(Object(Illuminate\\Http\\Request), Object(Closure))
#18 /home/oiibl6l60ctq/public_html/warmzilla.diginordic.co.uk/vendor/laravel/framework/src/Illuminate/Cookie/Middleware/AddQueuedCookiesToResponse.php(37): Illuminate\\Pipeline\\Pipeline->Illuminate\\Pipeline\\{closure}(Object(Illuminate\\Http\\Request))
#19 /home/oiibl6l60ctq/public_html/warmzilla.diginordic.co.uk/vendor/laravel/framework/src/Illuminate/Pipeline/Pipeline.php(167): Illuminate\\Cookie\\Middleware\\AddQueuedCookiesToResponse->handle(Object(Illuminate\\Http\\Request), Object(Closure))
#20 /home/oiibl6l60ctq/public_html/warmzilla.diginordic.co.uk/vendor/laravel/framework/src/Illuminate/Cookie/Middleware/EncryptCookies.php(67): Illuminate\\Pipeline\\Pipeline->Illuminate\\Pipeline\\{closure}(Object(Illuminate\\Http\\Request))
#21 /home/oiibl6l60ctq/public_html/warmzilla.diginordic.co.uk/vendor/laravel/framework/src/Illuminate/Pipeline/Pipeline.php(167): Illuminate\\Cookie\\Middleware\\EncryptCookies->handle(Object(Illuminate\\Http\\Request), Object(Closure))
#22 /home/oiibl6l60ctq/public_html/warmzilla.diginordic.co.uk/vendor/laravel/framework/src/Illuminate/Pipeline/Pipeline.php(103): Illuminate\\Pipeline\\Pipeline->Illuminate\\Pipeline\\{closure}(Object(Illuminate\\Http\\Request))
#23 /home/oiibl6l60ctq/public_html/warmzilla.diginordic.co.uk/vendor/laravel/framework/src/Illuminate/Routing/Router.php(695): Illuminate\\Pipeline\\Pipeline->then(Object(Closure))
#24 /home/oiibl6l60ctq/public_html/warmzilla.diginordic.co.uk/vendor/laravel/framework/src/Illuminate/Routing/Router.php(670): Illuminate\\Routing\\Router->runRouteWithinStack(Object(Illuminate\\Routing\\Route), Object(Illuminate\\Http\\Request))
#25 /home/oiibl6l60ctq/public_html/warmzilla.diginordic.co.uk/vendor/laravel/framework/src/Illuminate/Routing/Router.php(636): Illuminate\\Routing\\Router->runRoute(Object(Illuminate\\Http\\Request), Object(Illuminate\\Routing\\Route))
#26 /home/oiibl6l60ctq/public_html/warmzilla.diginordic.co.uk/vendor/laravel/framework/src/Illuminate/Routing/Router.php(625): Illuminate\\Routing\\Router->dispatchToRoute(Object(Illuminate\\Http\\Request))
#27 /home/oiibl6l60ctq/public_html/warmzilla.diginordic.co.uk/vendor/laravel/framework/src/Illuminate/Foundation/Http/Kernel.php(166): Illuminate\\Routing\\Router->dispatch(Object(Illuminate\\Http\\Request))
#28 /home/oiibl6l60ctq/public_html/warmzilla.diginordic.co.uk/vendor/laravel/framework/src/Illuminate/Pipeline/Pipeline.php(128): Illuminate\\Foundation\\Http\\Kernel->Illuminate\\Foundation\\Http\\{closure}(Object(Illuminate\\Http\\Request))
#29 /home/oiibl6l60ctq/public_html/warmzilla.diginordic.co.uk/vendor/laravel/framework/src/Illuminate/Foundation/Http/Middleware/TransformsRequest.php(21): Illuminate\\Pipeline\\Pipeline->Illuminate\\Pipeline\\{closure}(Object(Illuminate\\Http\\Request))
#30 /home/oiibl6l60ctq/public_html/warmzilla.diginordic.co.uk/vendor/laravel/framework/src/Illuminate/Pipeline/Pipeline.php(167): Illuminate\\Foundation\\Http\\Middleware\\TransformsRequest->handle(Object(Illuminate\\Http\\Request), Object(Closure))
#31 /home/oiibl6l60ctq/public_html/warmzilla.diginordic.co.uk/vendor/laravel/framework/src/Illuminate/Foundation/Http/Middleware/TransformsRequest.php(21): Illuminate\\Pipeline\\Pipeline->Illuminate\\Pipeline\\{closure}(Object(Illuminate\\Http\\Request))
#32 /home/oiibl6l60ctq/public_html/warmzilla.diginordic.co.uk/vendor/laravel/framework/src/Illuminate/Pipeline/Pipeline.php(167): Illuminate\\Foundation\\Http\\Middleware\\TransformsRequest->handle(Object(Illuminate\\Http\\Request), Object(Closure))
#33 /home/oiibl6l60ctq/public_html/warmzilla.diginordic.co.uk/vendor/laravel/framework/src/Illuminate/Foundation/Http/Middleware/ValidatePostSize.php(27): Illuminate\\Pipeline\\Pipeline->Illuminate\\Pipeline\\{closure}(Object(Illuminate\\Http\\Request))
#34 /home/oiibl6l60ctq/public_html/warmzilla.diginordic.co.uk/vendor/laravel/framework/src/Illuminate/Pipeline/Pipeline.php(167): Illuminate\\Foundation\\Http\\Middleware\\ValidatePostSize->handle(Object(Illuminate\\Http\\Request), Object(Closure))
#35 /home/oiibl6l60ctq/public_html/warmzilla.diginordic.co.uk/vendor/laravel/framework/src/Illuminate/Foundation/Http/Middleware/PreventRequestsDuringMaintenance.php(86): Illuminate\\Pipeline\\Pipeline->Illuminate\\Pipeline\\{closure}(Object(Illuminate\\Http\\Request))
#36 /home/oiibl6l60ctq/public_html/warmzilla.diginordic.co.uk/vendor/laravel/framework/src/Illuminate/Pipeline/Pipeline.php(167): Illuminate\\Foundation\\Http\\Middleware\\PreventRequestsDuringMaintenance->handle(Object(Illuminate\\Http\\Request), Object(Closure))
#37 /home/oiibl6l60ctq/public_html/warmzilla.diginordic.co.uk/vendor/fruitcake/laravel-cors/src/HandleCors.php(37): Illuminate\\Pipeline\\Pipeline->Illuminate\\Pipeline\\{closure}(Object(Illuminate\\Http\\Request))
#38 /home/oiibl6l60ctq/public_html/warmzilla.diginordic.co.uk/vendor/laravel/framework/src/Illuminate/Pipeline/Pipeline.php(167): Fruitcake\\Cors\\HandleCors->handle(Object(Illuminate\\Http\\Request), Object(Closure))
#39 /home/oiibl6l60ctq/public_html/warmzilla.diginordic.co.uk/vendor/fideloper/proxy/src/TrustProxies.php(57): Illuminate\\Pipeline\\Pipeline->Illuminate\\Pipeline\\{closure}(Object(Illuminate\\Http\\Request))
#40 /home/oiibl6l60ctq/public_html/warmzilla.diginordic.co.uk/vendor/laravel/framework/src/Illuminate/Pipeline/Pipeline.php(167): Fideloper\\Proxy\\TrustProxies->handle(Object(Illuminate\\Http\\Request), Object(Closure))
#41 /home/oiibl6l60ctq/public_html/warmzilla.diginordic.co.uk/vendor/laravel/framework/src/Illuminate/Pipeline/Pipeline.php(103): Illuminate\\Pipeline\\Pipeline->Illuminate\\Pipeline\\{closure}(Object(Illuminate\\Http\\Request))
#42 /home/oiibl6l60ctq/public_html/warmzilla.diginordic.co.uk/vendor/laravel/framework/src/Illuminate/Foundation/Http/Kernel.php(141): Illuminate\\Pipeline\\Pipeline->then(Object(Closure))
#43 /home/oiibl6l60ctq/public_html/warmzilla.diginordic.co.uk/vendor/laravel/framework/src/Illuminate/Foundation/Http/Kernel.php(110): Illuminate\\Foundation\\Http\\Kernel->sendRequestThroughRouter(Object(Illuminate\\Http\\Request))
#44 /home/oiibl6l60ctq/public_html/warmzilla.diginordic.co.uk/public/index.php(52): Illuminate\\Foundation\\Http\\Kernel->handle(Object(Illuminate\\Http\\Request))
#45 {main}

[previous exception] [object] (PDOException(code: 1045): SQLSTATE[28000] [1045] Access denied for user 'root'@'localhost' (using password: NO) at /home/oiibl6l60ctq/public_html/warmzilla.diginordic.co.uk/vendor/laravel/framework/src/Illuminate/Database/Connectors/Connector.php:70)
[stacktrace]
#0 /home/oiibl6l60ctq/public_html/warmzilla.diginordic.co.uk/vendor/laravel/framework/src/Illuminate/Database/Connectors/Connector.php(70): PDO->__construct('mysql:host=127....', 'root', '', Array)
#1 /home/oiibl6l60ctq/public_html/warmzilla.diginordic.co.uk/vendor/laravel/framework/src/Illuminate/Database/Connectors/Connector.php(46): Illuminate\\Database\\Connectors\\Connector->createPdoConnection('mysql:host=127....', 'root', '', Array)
#2 /home/oiibl6l60ctq/public_html/warmzilla.diginordic.co.uk/vendor/laravel/framework/src/Illuminate/Database/Connectors/MySqlConnector.php(24): Illuminate\\Database\\Connectors\\Connector->createConnection('mysql:host=127....', Array, Array)
#3 /home/oiibl6l60ctq/public_html/warmzilla.diginordic.co.uk/vendor/laravel/framework/src/Illuminate/Database/Connectors/ConnectionFactory.php(184): Illuminate\\Database\\Connectors\\MySqlConnector->connect(Array)
#4 [internal function]: Illuminate\\Database\\Connectors\\ConnectionFactory->Illuminate\\Database\\Connectors\\{closure}()
#5 /home/oiibl6l60ctq/public_html/warmzilla.diginordic.co.uk/vendor/laravel/framework/src/Illuminate/Database/Connection.php(939): call_user_func(Object(Closure))
#6 /home/oiibl6l60ctq/public_html/warmzilla.diginordic.co.uk/vendor/laravel/framework/src/Illuminate/Database/Connection.php(974): Illuminate\\Database\\Connection->getPdo()
#7 /home/oiibl6l60ctq/public_html/warmzilla.diginordic.co.uk/vendor/laravel/framework/src/Illuminate/Database/Connection.php(412): Illuminate\\Database\\Connection->getReadPdo()
#8 /home/oiibl6l60ctq/public_html/warmzilla.diginordic.co.uk/vendor/laravel/framework/src/Illuminate/Database/Connection.php(338): Illuminate\\Database\\Connection->getPdoForSelect(true)
#9 /home/oiibl6l60ctq/public_html/warmzilla.diginordic.co.uk/vendor/laravel/framework/src/Illuminate/Database/Connection.php(671): Illuminate\\Database\\Connection->Illuminate\\Database\\{closure}('select * from `...', Array)
#10 /home/oiibl6l60ctq/public_html/warmzilla.diginordic.co.uk/vendor/laravel/framework/src/Illuminate/Database/Connection.php(638): Illuminate\\Database\\Connection->runQueryCallback('select * from `...', Array, Object(Closure))
#11 /home/oiibl6l60ctq/public_html/warmzilla.diginordic.co.uk/vendor/laravel/framework/src/Illuminate/Database/Connection.php(346): Illuminate\\Database\\Connection->run('select * from `...', Array, Object(Closure))
#12 /home/oiibl6l60ctq/public_html/warmzilla.diginordic.co.uk/vendor/laravel/framework/src/Illuminate/Database/Query/Builder.php(2313): Illuminate\\Database\\Connection->select('select * from `...', Array, true)
#13 /home/oiibl6l60ctq/public_html/warmzilla.diginordic.co.uk/vendor/laravel/framework/src/Illuminate/Database/Query/Builder.php(2301): Illuminate\\Database\\Query\\Builder->runSelect()
#14 /home/oiibl6l60ctq/public_html/warmzilla.diginordic.co.uk/vendor/laravel/framework/src/Illuminate/Database/Query/Builder.php(2796): Illuminate\\Database\\Query\\Builder->Illuminate\\Database\\Query\\{closure}()
#15 /home/oiibl6l60ctq/public_html/warmzilla.diginordic.co.uk/vendor/laravel/framework/src/Illuminate/Database/Query/Builder.php(2302): Illuminate\\Database\\Query\\Builder->onceWithColumns(Array, Object(Closure))
#16 /home/oiibl6l60ctq/public_html/warmzilla.diginordic.co.uk/vendor/laravel/framework/src/Illuminate/Database/Concerns/BuildsQueries.php(170): Illuminate\\Database\\Query\\Builder->get(Array)
#17 /home/oiibl6l60ctq/public_html/warmzilla.diginordic.co.uk/vendor/laravel/framework/src/Illuminate/Database/Query/Builder.php(2276): Illuminate\\Database\\Query\\Builder->first(Array)
#18 /home/oiibl6l60ctq/public_html/warmzilla.diginordic.co.uk/vendor/laravel/framework/src/Illuminate/Session/DatabaseSessionHandler.php(91): Illuminate\\Database\\Query\\Builder->find('Jg0KtYS6dmMYqw2...')
#19 /home/oiibl6l60ctq/public_html/warmzilla.diginordic.co.uk/vendor/laravel/framework/src/Illuminate/Session/Store.php(97): Illuminate\\Session\\DatabaseSessionHandler->read('Jg0KtYS6dmMYqw2...')
#20 /home/oiibl6l60ctq/public_html/warmzilla.diginordic.co.uk/vendor/laravel/framework/src/Illuminate/Session/Store.php(87): Illuminate\\Session\\Store->readFromHandler()
#21 /home/oiibl6l60ctq/public_html/warmzilla.diginordic.co.uk/vendor/laravel/framework/src/Illuminate/Session/Store.php(71): Illuminate\\Session\\Store->loadSession()
#22 /home/oiibl6l60ctq/public_html/warmzilla.diginordic.co.uk/vendor/laravel/framework/src/Illuminate/Session/Middleware/StartSession.php(147): Illuminate\\Session\\Store->start()
#23 /home/oiibl6l60ctq/public_html/warmzilla.diginordic.co.uk/vendor/laravel/framework/src/Illuminate/Support/helpers.php(263): Illuminate\\Session\\Middleware\\StartSession->Illuminate\\Session\\Middleware\\{closure}(Object(Illuminate\\Session\\Store))
#24 /home/oiibl6l60ctq/public_html/warmzilla.diginordic.co.uk/vendor/laravel/framework/src/Illuminate/Session/Middleware/StartSession.php(148): tap(Object(Illuminate\\Session\\Store), Object(Closure))
#25 /home/oiibl6l60ctq/public_html/warmzilla.diginordic.co.uk/vendor/laravel/framework/src/Illuminate/Session/Middleware/StartSession.php(116): Illuminate\\Session\\Middleware\\StartSession->startSession(Object(Illuminate\\Http\\Request), Object(Illuminate\\Session\\Store))
#26 /home/oiibl6l60ctq/public_html/warmzilla.diginordic.co.uk/vendor/laravel/framework/src/Illuminate/Session/Middleware/StartSession.php(63): Illuminate\\Session\\Middleware\\StartSession->handleStatefulRequest(Object(Illuminate\\Http\\Request), Object(Illuminate\\Session\\Store), Object(Closure))
#27 /home/oiibl6l60ctq/public_html/warmzilla.diginordic.co.uk/vendor/laravel/framework/src/Illuminate/Pipeline/Pipeline.php(167): Illuminate\\Session\\Middleware\\StartSession->handle(Object(Illuminate\\Http\\Request), Object(Closure))
#28 /home/oiibl6l60ctq/public_html/warmzilla.diginordic.co.uk/vendor/laravel/framework/src/Illuminate/Cookie/Middleware/AddQueuedCookiesToResponse.php(37): Illuminate\\Pipeline\\Pipeline->Illuminate\\Pipeline\\{closure}(Object(Illuminate\\Http\\Request))
#29 /home/oiibl6l60ctq/public_html/warmzilla.diginordic.co.uk/vendor/laravel/framework/src/Illuminate/Pipeline/Pipeline.php(167): Illuminate\\Cookie\\Middleware\\AddQueuedCookiesToResponse->handle(Object(Illuminate\\Http\\Request), Object(Closure))
#30 /home/oiibl6l60ctq/public_html/warmzilla.diginordic.co.uk/vendor/laravel/framework/src/Illuminate/Cookie/Middleware/EncryptCookies.php(67): Illuminate\\Pipeline\\Pipeline->Illuminate\\Pipeline\\{closure}(Object(Illuminate\\Http\\Request))
#31 /home/oiibl6l60ctq/public_html/warmzilla.diginordic.co.uk/vendor/laravel/framework/src/Illuminate/Pipeline/Pipeline.php(167): Illuminate\\Cookie\\Middleware\\EncryptCookies->handle(Object(Illuminate\\Http\\Request), Object(Closure))
#32 /home/oiibl6l60ctq/public_html/warmzilla.diginordic.co.uk/vendor/laravel/framework/src/Illuminate/Pipeline/Pipeline.php(103): Illuminate\\Pipeline\\Pipeline->Illuminate\\Pipeline\\{closure}(Object(Illuminate\\Http\\Request))
#33 /home/oiibl6l60ctq/public_html/warmzilla.diginordic.co.uk/vendor/laravel/framework/src/Illuminate/Routing/Router.php(695): Illuminate\\Pipeline\\Pipeline->then(Object(Closure))
#34 /home/oiibl6l60ctq/public_html/warmzilla.diginordic.co.uk/vendor/laravel/framework/src/Illuminate/Routing/Router.php(670): Illuminate\\Routing\\Router->runRouteWithinStack(Object(Illuminate\\Routing\\Route), Object(Illuminate\\Http\\Request))
#35 /home/oiibl6l60ctq/public_html/warmzilla.diginordic.co.uk/vendor/laravel/framework/src/Illuminate/Routing/Router.php(636): Illuminate\\Routing\\Router->runRoute(Object(Illuminate\\Http\\Request), Object(Illuminate\\Routing\\Route))
#36 /home/oiibl6l60ctq/public_html/warmzilla.diginordic.co.uk/vendor/laravel/framework/src/Illuminate/Routing/Router.php(625): Illuminate\\Routing\\Router->dispatchToRoute(Object(Illuminate\\Http\\Request))
#37 /home/oiibl6l60ctq/public_html/warmzilla.diginordic.co.uk/vendor/laravel/framework/src/Illuminate/Foundation/Http/Kernel.php(166): Illuminate\\Routing\\Router->dispatch(Object(Illuminate\\Http\\Request))
#38 /home/oiibl6l60ctq/public_html/warmzilla.diginordic.co.uk/vendor/laravel/framework/src/Illuminate/Pipeline/Pipeline.php(128): Illuminate\\Foundation\\Http\\Kernel->Illuminate\\Foundation\\Http\\{closure}(Object(Illuminate\\Http\\Request))
#39 /home/oiibl6l60ctq/public_html/warmzilla.diginordic.co.uk/vendor/laravel/framework/src/Illuminate/Foundation/Http/Middleware/TransformsRequest.php(21): Illuminate\\Pipeline\\Pipeline->Illuminate\\Pipeline\\{closure}(Object(Illuminate\\Http\\Request))
#40 /home/oiibl6l60ctq/public_html/warmzilla.diginordic.co.uk/vendor/laravel/framework/src/Illuminate/Pipeline/Pipeline.php(167): Illuminate\\Foundation\\Http\\Middleware\\TransformsRequest->handle(Object(Illuminate\\Http\\Request), Object(Closure))
#41 /home/oiibl6l60ctq/public_html/warmzilla.diginordic.co.uk/vendor/laravel/framework/src/Illuminate/Foundation/Http/Middleware/TransformsRequest.php(21): Illuminate\\Pipeline\\Pipeline->Illuminate\\Pipeline\\{closure}(Object(Illuminate\\Http\\Request))
#42 /home/oiibl6l60ctq/public_html/warmzilla.diginordic.co.uk/vendor/laravel/framework/src/Illuminate/Pipeline/Pipeline.php(167): Illuminate\\Foundation\\Http\\Middleware\\TransformsRequest->handle(Object(Illuminate\\Http\\Request), Object(Closure))
#43 /home/oiibl6l60ctq/public_html/warmzilla.diginordic.co.uk/vendor/laravel/framework/src/Illuminate/Foundation/Http/Middleware/ValidatePostSize.php(27): Illuminate\\Pipeline\\Pipeline->Illuminate\\Pipeline\\{closure}(Object(Illuminate\\Http\\Request))
#44 /home/oiibl6l60ctq/public_html/warmzilla.diginordic.co.uk/vendor/laravel/framework/src/Illuminate/Pipeline/Pipeline.php(167): Illuminate\\Foundation\\Http\\Middleware\\ValidatePostSize->handle(Object(Illuminate\\Http\\Request), Object(Closure))
#45 /home/oiibl6l60ctq/public_html/warmzilla.diginordic.co.uk/vendor/laravel/framework/src/Illuminate/Foundation/Http/Middleware/PreventRequestsDuringMaintenance.php(86): Illuminate\\Pipeline\\Pipeline->Illuminate\\Pipeline\\{closure}(Object(Illuminate\\Http\\Request))
#46 /home/oiibl6l60ctq/public_html/warmzilla.diginordic.co.uk/vendor/laravel/framework/src/Illuminate/Pipeline/Pipeline.php(167): Illuminate\\Foundation\\Http\\Middleware\\PreventRequestsDuringMaintenance->handle(Object(Illuminate\\Http\\Request), Object(Closure))
#47 /home/oiibl6l60ctq/public_html/warmzilla.diginordic.co.uk/vendor/fruitcake/laravel-cors/src/HandleCors.php(37): Illuminate\\Pipeline\\Pipeline->Illuminate\\Pipeline\\{closure}(Object(Illuminate\\Http\\Request))
#48 /home/oiibl6l60ctq/public_html/warmzilla.diginordic.co.uk/vendor/laravel/framework/src/Illuminate/Pipeline/Pipeline.php(167): Fruitcake\\Cors\\HandleCors->handle(Object(Illuminate\\Http\\Request), Object(Closure))
#49 /home/oiibl6l60ctq/public_html/warmzilla.diginordic.co.uk/vendor/fideloper/proxy/src/TrustProxies.php(57): Illuminate\\Pipeline\\Pipeline->Illuminate\\Pipeline\\{closure}(Object(Illuminate\\Http\\Request))
#50 /home/oiibl6l60ctq/public_html/warmzilla.diginordic.co.uk/vendor/laravel/framework/src/Illuminate/Pipeline/Pipeline.php(167): Fideloper\\Proxy\\TrustProxies->handle(Object(Illuminate\\Http\\Request), Object(Closure))
#51 /home/oiibl6l60ctq/public_html/warmzilla.diginordic.co.uk/vendor/laravel/framework/src/Illuminate/Pipeline/Pipeline.php(103): Illuminate\\Pipeline\\Pipeline->Illuminate\\Pipeline\\{closure}(Object(Illuminate\\Http\\Request))
#52 /home/oiibl6l60ctq/public_html/warmzilla.diginordic.co.uk/vendor/laravel/framework/src/Illuminate/Foundation/Http/Kernel.php(141): Illuminate\\Pipeline\\Pipeline->then(Object(Closure))
#53 /home/oiibl6l60ctq/public_html/warmzilla.diginordic.co.uk/vendor/laravel/framework/src/Illuminate/Foundation/Http/Kernel.php(110): Illuminate\\Foundation\\Http\\Kernel->sendRequestThroughRouter(Object(Illuminate\\Http\\Request))
#54 /home/oiibl6l60ctq/public_html/warmzilla.diginordic.co.uk/public/index.php(52): Illuminate\\Foundation\\Http\\Kernel->handle(Object(Illuminate\\Http\\Request))
#55 {main}
"} 
[2021-04-27 11:23:50] local.ERROR: SQLSTATE[28000] [1045] Access denied for user 'root'@'localhost' (using password: NO) (SQL: select * from `sessions` where `id` = pn0yYXss6LbDARCsJrg9ahJrgc4UjuNDavBkx7I1 limit 1) {"exception":"[object] (Illuminate\\Database\\QueryException(code: 1045): SQLSTATE[28000] [1045] Access denied for user 'root'@'localhost' (using password: NO) (SQL: select * from `sessions` where `id` = pn0yYXss6LbDARCsJrg9ahJrgc4UjuNDavBkx7I1 limit 1) at /home/oiibl6l60ctq/public_html/warmzilla.diginordic.co.uk/vendor/laravel/framework/src/Illuminate/Database/Connection.php:678)
[stacktrace]
#0 /home/oiibl6l60ctq/public_html/warmzilla.diginordic.co.uk/vendor/laravel/framework/src/Illuminate/Database/Connection.php(638): Illuminate\\Database\\Connection->runQueryCallback('select * from `...', Array, Object(Closure))
#1 /home/oiibl6l60ctq/public_html/warmzilla.diginordic.co.uk/vendor/laravel/framework/src/Illuminate/Database/Connection.php(346): Illuminate\\Database\\Connection->run('select * from `...', Array, Object(Closure))
#2 /home/oiibl6l60ctq/public_html/warmzilla.diginordic.co.uk/vendor/laravel/framework/src/Illuminate/Database/Query/Builder.php(2313): Illuminate\\Database\\Connection->select('select * from `...', Array, true)
#3 /home/oiibl6l60ctq/public_html/warmzilla.diginordic.co.uk/vendor/laravel/framework/src/Illuminate/Database/Query/Builder.php(2301): Illuminate\\Database\\Query\\Builder->runSelect()
#4 /home/oiibl6l60ctq/public_html/warmzilla.diginordic.co.uk/vendor/laravel/framework/src/Illuminate/Database/Query/Builder.php(2796): Illuminate\\Database\\Query\\Builder->Illuminate\\Database\\Query\\{closure}()
#5 /home/oiibl6l60ctq/public_html/warmzilla.diginordic.co.uk/vendor/laravel/framework/src/Illuminate/Database/Query/Builder.php(2302): Illuminate\\Database\\Query\\Builder->onceWithColumns(Array, Object(Closure))
#6 /home/oiibl6l60ctq/public_html/warmzilla.diginordic.co.uk/vendor/laravel/framework/src/Illuminate/Database/Concerns/BuildsQueries.php(170): Illuminate\\Database\\Query\\Builder->get(Array)
#7 /home/oiibl6l60ctq/public_html/warmzilla.diginordic.co.uk/vendor/laravel/framework/src/Illuminate/Database/Query/Builder.php(2276): Illuminate\\Database\\Query\\Builder->first(Array)
#8 /home/oiibl6l60ctq/public_html/warmzilla.diginordic.co.uk/vendor/laravel/framework/src/Illuminate/Session/DatabaseSessionHandler.php(91): Illuminate\\Database\\Query\\Builder->find('pn0yYXss6LbDARC...')
#9 /home/oiibl6l60ctq/public_html/warmzilla.diginordic.co.uk/vendor/laravel/framework/src/Illuminate/Session/Store.php(97): Illuminate\\Session\\DatabaseSessionHandler->read('pn0yYXss6LbDARC...')
#10 /home/oiibl6l60ctq/public_html/warmzilla.diginordic.co.uk/vendor/laravel/framework/src/Illuminate/Session/Store.php(87): Illuminate\\Session\\Store->readFromHandler()
#11 /home/oiibl6l60ctq/public_html/warmzilla.diginordic.co.uk/vendor/laravel/framework/src/Illuminate/Session/Store.php(71): Illuminate\\Session\\Store->loadSession()
#12 /home/oiibl6l60ctq/public_html/warmzilla.diginordic.co.uk/vendor/laravel/framework/src/Illuminate/Session/Middleware/StartSession.php(147): Illuminate\\Session\\Store->start()
#13 /home/oiibl6l60ctq/public_html/warmzilla.diginordic.co.uk/vendor/laravel/framework/src/Illuminate/Support/helpers.php(263): Illuminate\\Session\\Middleware\\StartSession->Illuminate\\Session\\Middleware\\{closure}(Object(Illuminate\\Session\\Store))
#14 /home/oiibl6l60ctq/public_html/warmzilla.diginordic.co.uk/vendor/laravel/framework/src/Illuminate/Session/Middleware/StartSession.php(148): tap(Object(Illuminate\\Session\\Store), Object(Closure))
#15 /home/oiibl6l60ctq/public_html/warmzilla.diginordic.co.uk/vendor/laravel/framework/src/Illuminate/Session/Middleware/StartSession.php(116): Illuminate\\Session\\Middleware\\StartSession->startSession(Object(Illuminate\\Http\\Request), Object(Illuminate\\Session\\Store))
#16 /home/oiibl6l60ctq/public_html/warmzilla.diginordic.co.uk/vendor/laravel/framework/src/Illuminate/Session/Middleware/StartSession.php(63): Illuminate\\Session\\Middleware\\StartSession->handleStatefulRequest(Object(Illuminate\\Http\\Request), Object(Illuminate\\Session\\Store), Object(Closure))
#17 /home/oiibl6l60ctq/public_html/warmzilla.diginordic.co.uk/vendor/laravel/framework/src/Illuminate/Pipeline/Pipeline.php(167): Illuminate\\Session\\Middleware\\StartSession->handle(Object(Illuminate\\Http\\Request), Object(Closure))
#18 /home/oiibl6l60ctq/public_html/warmzilla.diginordic.co.uk/vendor/laravel/framework/src/Illuminate/Cookie/Middleware/AddQueuedCookiesToResponse.php(37): Illuminate\\Pipeline\\Pipeline->Illuminate\\Pipeline\\{closure}(Object(Illuminate\\Http\\Request))
#19 /home/oiibl6l60ctq/public_html/warmzilla.diginordic.co.uk/vendor/laravel/framework/src/Illuminate/Pipeline/Pipeline.php(167): Illuminate\\Cookie\\Middleware\\AddQueuedCookiesToResponse->handle(Object(Illuminate\\Http\\Request), Object(Closure))
#20 /home/oiibl6l60ctq/public_html/warmzilla.diginordic.co.uk/vendor/laravel/framework/src/Illuminate/Cookie/Middleware/EncryptCookies.php(67): Illuminate\\Pipeline\\Pipeline->Illuminate\\Pipeline\\{closure}(Object(Illuminate\\Http\\Request))
#21 /home/oiibl6l60ctq/public_html/warmzilla.diginordic.co.uk/vendor/laravel/framework/src/Illuminate/Pipeline/Pipeline.php(167): Illuminate\\Cookie\\Middleware\\EncryptCookies->handle(Object(Illuminate\\Http\\Request), Object(Closure))
#22 /home/oiibl6l60ctq/public_html/warmzilla.diginordic.co.uk/vendor/laravel/framework/src/Illuminate/Pipeline/Pipeline.php(103): Illuminate\\Pipeline\\Pipeline->Illuminate\\Pipeline\\{closure}(Object(Illuminate\\Http\\Request))
#23 /home/oiibl6l60ctq/public_html/warmzilla.diginordic.co.uk/vendor/laravel/framework/src/Illuminate/Routing/Router.php(695): Illuminate\\Pipeline\\Pipeline->then(Object(Closure))
#24 /home/oiibl6l60ctq/public_html/warmzilla.diginordic.co.uk/vendor/laravel/framework/src/Illuminate/Routing/Router.php(670): Illuminate\\Routing\\Router->runRouteWithinStack(Object(Illuminate\\Routing\\Route), Object(Illuminate\\Http\\Request))
#25 /home/oiibl6l60ctq/public_html/warmzilla.diginordic.co.uk/vendor/laravel/framework/src/Illuminate/Routing/Router.php(636): Illuminate\\Routing\\Router->runRoute(Object(Illuminate\\Http\\Request), Object(Illuminate\\Routing\\Route))
#26 /home/oiibl6l60ctq/public_html/warmzilla.diginordic.co.uk/vendor/laravel/framework/src/Illuminate/Routing/Router.php(625): Illuminate\\Routing\\Router->dispatchToRoute(Object(Illuminate\\Http\\Request))
#27 /home/oiibl6l60ctq/public_html/warmzilla.diginordic.co.uk/vendor/laravel/framework/src/Illuminate/Foundation/Http/Kernel.php(166): Illuminate\\Routing\\Router->dispatch(Object(Illuminate\\Http\\Request))
#28 /home/oiibl6l60ctq/public_html/warmzilla.diginordic.co.uk/vendor/laravel/framework/src/Illuminate/Pipeline/Pipeline.php(128): Illuminate\\Foundation\\Http\\Kernel->Illuminate\\Foundation\\Http\\{closure}(Object(Illuminate\\Http\\Request))
#29 /home/oiibl6l60ctq/public_html/warmzilla.diginordic.co.uk/vendor/laravel/framework/src/Illuminate/Foundation/Http/Middleware/TransformsRequest.php(21): Illuminate\\Pipeline\\Pipeline->Illuminate\\Pipeline\\{closure}(Object(Illuminate\\Http\\Request))
#30 /home/oiibl6l60ctq/public_html/warmzilla.diginordic.co.uk/vendor/laravel/framework/src/Illuminate/Pipeline/Pipeline.php(167): Illuminate\\Foundation\\Http\\Middleware\\TransformsRequest->handle(Object(Illuminate\\Http\\Request), Object(Closure))
#31 /home/oiibl6l60ctq/public_html/warmzilla.diginordic.co.uk/vendor/laravel/framework/src/Illuminate/Foundation/Http/Middleware/TransformsRequest.php(21): Illuminate\\Pipeline\\Pipeline->Illuminate\\Pipeline\\{closure}(Object(Illuminate\\Http\\Request))
#32 /home/oiibl6l60ctq/public_html/warmzilla.diginordic.co.uk/vendor/laravel/framework/src/Illuminate/Pipeline/Pipeline.php(167): Illuminate\\Foundation\\Http\\Middleware\\TransformsRequest->handle(Object(Illuminate\\Http\\Request), Object(Closure))
#33 /home/oiibl6l60ctq/public_html/warmzilla.diginordic.co.uk/vendor/laravel/framework/src/Illuminate/Foundation/Http/Middleware/ValidatePostSize.php(27): Illuminate\\Pipeline\\Pipeline->Illuminate\\Pipeline\\{closure}(Object(Illuminate\\Http\\Request))
#34 /home/oiibl6l60ctq/public_html/warmzilla.diginordic.co.uk/vendor/laravel/framework/src/Illuminate/Pipeline/Pipeline.php(167): Illuminate\\Foundation\\Http\\Middleware\\ValidatePostSize->handle(Object(Illuminate\\Http\\Request), Object(Closure))
#35 /home/oiibl6l60ctq/public_html/warmzilla.diginordic.co.uk/vendor/laravel/framework/src/Illuminate/Foundation/Http/Middleware/PreventRequestsDuringMaintenance.php(86): Illuminate\\Pipeline\\Pipeline->Illuminate\\Pipeline\\{closure}(Object(Illuminate\\Http\\Request))
#36 /home/oiibl6l60ctq/public_html/warmzilla.diginordic.co.uk/vendor/laravel/framework/src/Illuminate/Pipeline/Pipeline.php(167): Illuminate\\Foundation\\Http\\Middleware\\PreventRequestsDuringMaintenance->handle(Object(Illuminate\\Http\\Request), Object(Closure))
#37 /home/oiibl6l60ctq/public_html/warmzilla.diginordic.co.uk/vendor/fruitcake/laravel-cors/src/HandleCors.php(37): Illuminate\\Pipeline\\Pipeline->Illuminate\\Pipeline\\{closure}(Object(Illuminate\\Http\\Request))
#38 /home/oiibl6l60ctq/public_html/warmzilla.diginordic.co.uk/vendor/laravel/framework/src/Illuminate/Pipeline/Pipeline.php(167): Fruitcake\\Cors\\HandleCors->handle(Object(Illuminate\\Http\\Request), Object(Closure))
#39 /home/oiibl6l60ctq/public_html/warmzilla.diginordic.co.uk/vendor/fideloper/proxy/src/TrustProxies.php(57): Illuminate\\Pipeline\\Pipeline->Illuminate\\Pipeline\\{closure}(Object(Illuminate\\Http\\Request))
#40 /home/oiibl6l60ctq/public_html/warmzilla.diginordic.co.uk/vendor/laravel/framework/src/Illuminate/Pipeline/Pipeline.php(167): Fideloper\\Proxy\\TrustProxies->handle(Object(Illuminate\\Http\\Request), Object(Closure))
#41 /home/oiibl6l60ctq/public_html/warmzilla.diginordic.co.uk/vendor/laravel/framework/src/Illuminate/Pipeline/Pipeline.php(103): Illuminate\\Pipeline\\Pipeline->Illuminate\\Pipeline\\{closure}(Object(Illuminate\\Http\\Request))
#42 /home/oiibl6l60ctq/public_html/warmzilla.diginordic.co.uk/vendor/laravel/framework/src/Illuminate/Foundation/Http/Kernel.php(141): Illuminate\\Pipeline\\Pipeline->then(Object(Closure))
#43 /home/oiibl6l60ctq/public_html/warmzilla.diginordic.co.uk/vendor/laravel/framework/src/Illuminate/Foundation/Http/Kernel.php(110): Illuminate\\Foundation\\Http\\Kernel->sendRequestThroughRouter(Object(Illuminate\\Http\\Request))
#44 /home/oiibl6l60ctq/public_html/warmzilla.diginordic.co.uk/public/index.php(52): Illuminate\\Foundation\\Http\\Kernel->handle(Object(Illuminate\\Http\\Request))
#45 {main}

[previous exception] [object] (PDOException(code: 1045): SQLSTATE[28000] [1045] Access denied for user 'root'@'localhost' (using password: NO) at /home/oiibl6l60ctq/public_html/warmzilla.diginordic.co.uk/vendor/laravel/framework/src/Illuminate/Database/Connectors/Connector.php:70)
[stacktrace]
#0 /home/oiibl6l60ctq/public_html/warmzilla.diginordic.co.uk/vendor/laravel/framework/src/Illuminate/Database/Connectors/Connector.php(70): PDO->__construct('mysql:host=127....', 'root', '', Array)
#1 /home/oiibl6l60ctq/public_html/warmzilla.diginordic.co.uk/vendor/laravel/framework/src/Illuminate/Database/Connectors/Connector.php(46): Illuminate\\Database\\Connectors\\Connector->createPdoConnection('mysql:host=127....', 'root', '', Array)
#2 /home/oiibl6l60ctq/public_html/warmzilla.diginordic.co.uk/vendor/laravel/framework/src/Illuminate/Database/Connectors/MySqlConnector.php(24): Illuminate\\Database\\Connectors\\Connector->createConnection('mysql:host=127....', Array, Array)
#3 /home/oiibl6l60ctq/public_html/warmzilla.diginordic.co.uk/vendor/laravel/framework/src/Illuminate/Database/Connectors/ConnectionFactory.php(184): Illuminate\\Database\\Connectors\\MySqlConnector->connect(Array)
#4 [internal function]: Illuminate\\Database\\Connectors\\ConnectionFactory->Illuminate\\Database\\Connectors\\{closure}()
#5 /home/oiibl6l60ctq/public_html/warmzilla.diginordic.co.uk/vendor/laravel/framework/src/Illuminate/Database/Connection.php(939): call_user_func(Object(Closure))
#6 /home/oiibl6l60ctq/public_html/warmzilla.diginordic.co.uk/vendor/laravel/framework/src/Illuminate/Database/Connection.php(974): Illuminate\\Database\\Connection->getPdo()
#7 /home/oiibl6l60ctq/public_html/warmzilla.diginordic.co.uk/vendor/laravel/framework/src/Illuminate/Database/Connection.php(412): Illuminate\\Database\\Connection->getReadPdo()
#8 /home/oiibl6l60ctq/public_html/warmzilla.diginordic.co.uk/vendor/laravel/framework/src/Illuminate/Database/Connection.php(338): Illuminate\\Database\\Connection->getPdoForSelect(true)
#9 /home/oiibl6l60ctq/public_html/warmzilla.diginordic.co.uk/vendor/laravel/framework/src/Illuminate/Database/Connection.php(671): Illuminate\\Database\\Connection->Illuminate\\Database\\{closure}('select * from `...', Array)
#10 /home/oiibl6l60ctq/public_html/warmzilla.diginordic.co.uk/vendor/laravel/framework/src/Illuminate/Database/Connection.php(638): Illuminate\\Database\\Connection->runQueryCallback('select * from `...', Array, Object(Closure))
#11 /home/oiibl6l60ctq/public_html/warmzilla.diginordic.co.uk/vendor/laravel/framework/src/Illuminate/Database/Connection.php(346): Illuminate\\Database\\Connection->run('select * from `...', Array, Object(Closure))
#12 /home/oiibl6l60ctq/public_html/warmzilla.diginordic.co.uk/vendor/laravel/framework/src/Illuminate/Database/Query/Builder.php(2313): Illuminate\\Database\\Connection->select('select * from `...', Array, true)
#13 /home/oiibl6l60ctq/public_html/warmzilla.diginordic.co.uk/vendor/laravel/framework/src/Illuminate/Database/Query/Builder.php(2301): Illuminate\\Database\\Query\\Builder->runSelect()
#14 /home/oiibl6l60ctq/public_html/warmzilla.diginordic.co.uk/vendor/laravel/framework/src/Illuminate/Database/Query/Builder.php(2796): Illuminate\\Database\\Query\\Builder->Illuminate\\Database\\Query\\{closure}()
#15 /home/oiibl6l60ctq/public_html/warmzilla.diginordic.co.uk/vendor/laravel/framework/src/Illuminate/Database/Query/Builder.php(2302): Illuminate\\Database\\Query\\Builder->onceWithColumns(Array, Object(Closure))
#16 /home/oiibl6l60ctq/public_html/warmzilla.diginordic.co.uk/vendor/laravel/framework/src/Illuminate/Database/Concerns/BuildsQueries.php(170): Illuminate\\Database\\Query\\Builder->get(Array)
#17 /home/oiibl6l60ctq/public_html/warmzilla.diginordic.co.uk/vendor/laravel/framework/src/Illuminate/Database/Query/Builder.php(2276): Illuminate\\Database\\Query\\Builder->first(Array)
#18 /home/oiibl6l60ctq/public_html/warmzilla.diginordic.co.uk/vendor/laravel/framework/src/Illuminate/Session/DatabaseSessionHandler.php(91): Illuminate\\Database\\Query\\Builder->find('pn0yYXss6LbDARC...')
#19 /home/oiibl6l60ctq/public_html/warmzilla.diginordic.co.uk/vendor/laravel/framework/src/Illuminate/Session/Store.php(97): Illuminate\\Session\\DatabaseSessionHandler->read('pn0yYXss6LbDARC...')
#20 /home/oiibl6l60ctq/public_html/warmzilla.diginordic.co.uk/vendor/laravel/framework/src/Illuminate/Session/Store.php(87): Illuminate\\Session\\Store->readFromHandler()
#21 /home/oiibl6l60ctq/public_html/warmzilla.diginordic.co.uk/vendor/laravel/framework/src/Illuminate/Session/Store.php(71): Illuminate\\Session\\Store->loadSession()
#22 /home/oiibl6l60ctq/public_html/warmzilla.diginordic.co.uk/vendor/laravel/framework/src/Illuminate/Session/Middleware/StartSession.php(147): Illuminate\\Session\\Store->start()
#23 /home/oiibl6l60ctq/public_html/warmzilla.diginordic.co.uk/vendor/laravel/framework/src/Illuminate/Support/helpers.php(263): Illuminate\\Session\\Middleware\\StartSession->Illuminate\\Session\\Middleware\\{closure}(Object(Illuminate\\Session\\Store))
#24 /home/oiibl6l60ctq/public_html/warmzilla.diginordic.co.uk/vendor/laravel/framework/src/Illuminate/Session/Middleware/StartSession.php(148): tap(Object(Illuminate\\Session\\Store), Object(Closure))
#25 /home/oiibl6l60ctq/public_html/warmzilla.diginordic.co.uk/vendor/laravel/framework/src/Illuminate/Session/Middleware/StartSession.php(116): Illuminate\\Session\\Middleware\\StartSession->startSession(Object(Illuminate\\Http\\Request), Object(Illuminate\\Session\\Store))
#26 /home/oiibl6l60ctq/public_html/warmzilla.diginordic.co.uk/vendor/laravel/framework/src/Illuminate/Session/Middleware/StartSession.php(63): Illuminate\\Session\\Middleware\\StartSession->handleStatefulRequest(Object(Illuminate\\Http\\Request), Object(Illuminate\\Session\\Store), Object(Closure))
#27 /home/oiibl6l60ctq/public_html/warmzilla.diginordic.co.uk/vendor/laravel/framework/src/Illuminate/Pipeline/Pipeline.php(167): Illuminate\\Session\\Middleware\\StartSession->handle(Object(Illuminate\\Http\\Request), Object(Closure))
#28 /home/oiibl6l60ctq/public_html/warmzilla.diginordic.co.uk/vendor/laravel/framework/src/Illuminate/Cookie/Middleware/AddQueuedCookiesToResponse.php(37): Illuminate\\Pipeline\\Pipeline->Illuminate\\Pipeline\\{closure}(Object(Illuminate\\Http\\Request))
#29 /home/oiibl6l60ctq/public_html/warmzilla.diginordic.co.uk/vendor/laravel/framework/src/Illuminate/Pipeline/Pipeline.php(167): Illuminate\\Cookie\\Middleware\\AddQueuedCookiesToResponse->handle(Object(Illuminate\\Http\\Request), Object(Closure))
#30 /home/oiibl6l60ctq/public_html/warmzilla.diginordic.co.uk/vendor/laravel/framework/src/Illuminate/Cookie/Middleware/EncryptCookies.php(67): Illuminate\\Pipeline\\Pipeline->Illuminate\\Pipeline\\{closure}(Object(Illuminate\\Http\\Request))
#31 /home/oiibl6l60ctq/public_html/warmzilla.diginordic.co.uk/vendor/laravel/framework/src/Illuminate/Pipeline/Pipeline.php(167): Illuminate\\Cookie\\Middleware\\EncryptCookies->handle(Object(Illuminate\\Http\\Request), Object(Closure))
#32 /home/oiibl6l60ctq/public_html/warmzilla.diginordic.co.uk/vendor/laravel/framework/src/Illuminate/Pipeline/Pipeline.php(103): Illuminate\\Pipeline\\Pipeline->Illuminate\\Pipeline\\{closure}(Object(Illuminate\\Http\\Request))
#33 /home/oiibl6l60ctq/public_html/warmzilla.diginordic.co.uk/vendor/laravel/framework/src/Illuminate/Routing/Router.php(695): Illuminate\\Pipeline\\Pipeline->then(Object(Closure))
#34 /home/oiibl6l60ctq/public_html/warmzilla.diginordic.co.uk/vendor/laravel/framework/src/Illuminate/Routing/Router.php(670): Illuminate\\Routing\\Router->runRouteWithinStack(Object(Illuminate\\Routing\\Route), Object(Illuminate\\Http\\Request))
#35 /home/oiibl6l60ctq/public_html/warmzilla.diginordic.co.uk/vendor/laravel/framework/src/Illuminate/Routing/Router.php(636): Illuminate\\Routing\\Router->runRoute(Object(Illuminate\\Http\\Request), Object(Illuminate\\Routing\\Route))
#36 /home/oiibl6l60ctq/public_html/warmzilla.diginordic.co.uk/vendor/laravel/framework/src/Illuminate/Routing/Router.php(625): Illuminate\\Routing\\Router->dispatchToRoute(Object(Illuminate\\Http\\Request))
#37 /home/oiibl6l60ctq/public_html/warmzilla.diginordic.co.uk/vendor/laravel/framework/src/Illuminate/Foundation/Http/Kernel.php(166): Illuminate\\Routing\\Router->dispatch(Object(Illuminate\\Http\\Request))
#38 /home/oiibl6l60ctq/public_html/warmzilla.diginordic.co.uk/vendor/laravel/framework/src/Illuminate/Pipeline/Pipeline.php(128): Illuminate\\Foundation\\Http\\Kernel->Illuminate\\Foundation\\Http\\{closure}(Object(Illuminate\\Http\\Request))
#39 /home/oiibl6l60ctq/public_html/warmzilla.diginordic.co.uk/vendor/laravel/framework/src/Illuminate/Foundation/Http/Middleware/TransformsRequest.php(21): Illuminate\\Pipeline\\Pipeline->Illuminate\\Pipeline\\{closure}(Object(Illuminate\\Http\\Request))
#40 /home/oiibl6l60ctq/public_html/warmzilla.diginordic.co.uk/vendor/laravel/framework/src/Illuminate/Pipeline/Pipeline.php(167): Illuminate\\Foundation\\Http\\Middleware\\TransformsRequest->handle(Object(Illuminate\\Http\\Request), Object(Closure))
#41 /home/oiibl6l60ctq/public_html/warmzilla.diginordic.co.uk/vendor/laravel/framework/src/Illuminate/Foundation/Http/Middleware/TransformsRequest.php(21): Illuminate\\Pipeline\\Pipeline->Illuminate\\Pipeline\\{closure}(Object(Illuminate\\Http\\Request))
#42 /home/oiibl6l60ctq/public_html/warmzilla.diginordic.co.uk/vendor/laravel/framework/src/Illuminate/Pipeline/Pipeline.php(167): Illuminate\\Foundation\\Http\\Middleware\\TransformsRequest->handle(Object(Illuminate\\Http\\Request), Object(Closure))
#43 /home/oiibl6l60ctq/public_html/warmzilla.diginordic.co.uk/vendor/laravel/framework/src/Illuminate/Foundation/Http/Middleware/ValidatePostSize.php(27): Illuminate\\Pipeline\\Pipeline->Illuminate\\Pipeline\\{closure}(Object(Illuminate\\Http\\Request))
#44 /home/oiibl6l60ctq/public_html/warmzilla.diginordic.co.uk/vendor/laravel/framework/src/Illuminate/Pipeline/Pipeline.php(167): Illuminate\\Foundation\\Http\\Middleware\\ValidatePostSize->handle(Object(Illuminate\\Http\\Request), Object(Closure))
#45 /home/oiibl6l60ctq/public_html/warmzilla.diginordic.co.uk/vendor/laravel/framework/src/Illuminate/Foundation/Http/Middleware/PreventRequestsDuringMaintenance.php(86): Illuminate\\Pipeline\\Pipeline->Illuminate\\Pipeline\\{closure}(Object(Illuminate\\Http\\Request))
#46 /home/oiibl6l60ctq/public_html/warmzilla.diginordic.co.uk/vendor/laravel/framework/src/Illuminate/Pipeline/Pipeline.php(167): Illuminate\\Foundation\\Http\\Middleware\\PreventRequestsDuringMaintenance->handle(Object(Illuminate\\Http\\Request), Object(Closure))
#47 /home/oiibl6l60ctq/public_html/warmzilla.diginordic.co.uk/vendor/fruitcake/laravel-cors/src/HandleCors.php(37): Illuminate\\Pipeline\\Pipeline->Illuminate\\Pipeline\\{closure}(Object(Illuminate\\Http\\Request))
#48 /home/oiibl6l60ctq/public_html/warmzilla.diginordic.co.uk/vendor/laravel/framework/src/Illuminate/Pipeline/Pipeline.php(167): Fruitcake\\Cors\\HandleCors->handle(Object(Illuminate\\Http\\Request), Object(Closure))
#49 /home/oiibl6l60ctq/public_html/warmzilla.diginordic.co.uk/vendor/fideloper/proxy/src/TrustProxies.php(57): Illuminate\\Pipeline\\Pipeline->Illuminate\\Pipeline\\{closure}(Object(Illuminate\\Http\\Request))
#50 /home/oiibl6l60ctq/public_html/warmzilla.diginordic.co.uk/vendor/laravel/framework/src/Illuminate/Pipeline/Pipeline.php(167): Fideloper\\Proxy\\TrustProxies->handle(Object(Illuminate\\Http\\Request), Object(Closure))
#51 /home/oiibl6l60ctq/public_html/warmzilla.diginordic.co.uk/vendor/laravel/framework/src/Illuminate/Pipeline/Pipeline.php(103): Illuminate\\Pipeline\\Pipeline->Illuminate\\Pipeline\\{closure}(Object(Illuminate\\Http\\Request))
#52 /home/oiibl6l60ctq/public_html/warmzilla.diginordic.co.uk/vendor/laravel/framework/src/Illuminate/Foundation/Http/Kernel.php(141): Illuminate\\Pipeline\\Pipeline->then(Object(Closure))
#53 /home/oiibl6l60ctq/public_html/warmzilla.diginordic.co.uk/vendor/laravel/framework/src/Illuminate/Foundation/Http/Kernel.php(110): Illuminate\\Foundation\\Http\\Kernel->sendRequestThroughRouter(Object(Illuminate\\Http\\Request))
#54 /home/oiibl6l60ctq/public_html/warmzilla.diginordic.co.uk/public/index.php(52): Illuminate\\Foundation\\Http\\Kernel->handle(Object(Illuminate\\Http\\Request))
#55 {main}
"} 
[2021-04-27 11:23:58] local.ERROR: file_put_contents(D:\xampp\htdocs\warmzilla\storage\framework\views/65601af1ea37b2d841e68c27cef1e7ff0e97242a.php): failed to open stream: No such file or directory {"exception":"[object] (ErrorException(code: 0): file_put_contents(D:\\xampp\\htdocs\\warmzilla\\storage\\framework\\views/65601af1ea37b2d841e68c27cef1e7ff0e97242a.php): failed to open stream: No such file or directory at /home/oiibl6l60ctq/public_html/warmzilla.diginordic.co.uk/vendor/laravel/framework/src/Illuminate/Filesystem/Filesystem.php:185)
[stacktrace]
#0 [internal function]: Illuminate\\Foundation\\Bootstrap\\HandleExceptions->handleError(2, 'file_put_conten...', '/home/oiibl6l60...', 185, Array)
#1 /home/oiibl6l60ctq/public_html/warmzilla.diginordic.co.uk/vendor/laravel/framework/src/Illuminate/Filesystem/Filesystem.php(185): file_put_contents('D:\\\\xampp\\\\htdocs...', '<?php $__env->s...', 0)
#2 /home/oiibl6l60ctq/public_html/warmzilla.diginordic.co.uk/vendor/laravel/framework/src/Illuminate/View/Compilers/BladeCompiler.php(157): Illuminate\\Filesystem\\Filesystem->put('D:\\\\xampp\\\\htdocs...', '<?php $__env->s...')
#3 /home/oiibl6l60ctq/public_html/warmzilla.diginordic.co.uk/vendor/laravel/framework/src/Illuminate/View/Engines/CompilerEngine.php(55): Illuminate\\View\\Compilers\\BladeCompiler->compile('/home/oiibl6l60...')
#4 /home/oiibl6l60ctq/public_html/warmzilla.diginordic.co.uk/vendor/facade/ignition/src/Views/Engines/CompilerEngine.php(37): Illuminate\\View\\Engines\\CompilerEngine->get('/home/oiibl6l60...', Array)
#5 /home/oiibl6l60ctq/public_html/warmzilla.diginordic.co.uk/vendor/laravel/framework/src/Illuminate/View/View.php(139): Facade\\Ignition\\Views\\Engines\\CompilerEngine->get('/home/oiibl6l60...', Array)
#6 /home/oiibl6l60ctq/public_html/warmzilla.diginordic.co.uk/vendor/laravel/framework/src/Illuminate/View/View.php(122): Illuminate\\View\\View->getContents()
#7 /home/oiibl6l60ctq/public_html/warmzilla.diginordic.co.uk/vendor/laravel/framework/src/Illuminate/View/View.php(91): Illuminate\\View\\View->renderContents()
#8 /home/oiibl6l60ctq/public_html/warmzilla.diginordic.co.uk/vendor/laravel/framework/src/Illuminate/Http/Response.php(62): Illuminate\\View\\View->render()
#9 /home/oiibl6l60ctq/public_html/warmzilla.diginordic.co.uk/vendor/laravel/framework/src/Illuminate/Http/Response.php(34): Illuminate\\Http\\Response->setContent(Object(Illuminate\\View\\View))
#10 /home/oiibl6l60ctq/public_html/warmzilla.diginordic.co.uk/vendor/laravel/framework/src/Illuminate/Routing/ResponseFactory.php(55): Illuminate\\Http\\Response->__construct(Object(Illuminate\\View\\View), 404, Array)
#11 /home/oiibl6l60ctq/public_html/warmzilla.diginordic.co.uk/vendor/laravel/framework/src/Illuminate/Routing/ResponseFactory.php(85): Illuminate\\Routing\\ResponseFactory->make(Object(Illuminate\\View\\View), 404, Array)
#12 /home/oiibl6l60ctq/public_html/warmzilla.diginordic.co.uk/vendor/laravel/framework/src/Illuminate/Foundation/Exceptions/Handler.php(556): Illuminate\\Routing\\ResponseFactory->view('errors::404', Array, 404, Array)
#13 /home/oiibl6l60ctq/public_html/warmzilla.diginordic.co.uk/vendor/laravel/framework/src/Illuminate/Foundation/Exceptions/Handler.php(461): Illuminate\\Foundation\\Exceptions\\Handler->renderHttpException(Object(Symfony\\Component\\HttpKernel\\Exception\\NotFoundHttpException))
#14 /home/oiibl6l60ctq/public_html/warmzilla.diginordic.co.uk/vendor/laravel/framework/src/Illuminate/Foundation/Exceptions/Handler.php(339): Illuminate\\Foundation\\Exceptions\\Handler->prepareResponse(Object(Illuminate\\Http\\Request), Object(Symfony\\Component\\HttpKernel\\Exception\\NotFoundHttpException))
#15 /home/oiibl6l60ctq/public_html/warmzilla.diginordic.co.uk/vendor/laravel/framework/src/Illuminate/Routing/Pipeline.php(51): Illuminate\\Foundation\\Exceptions\\Handler->render(Object(Illuminate\\Http\\Request), Object(Symfony\\Component\\HttpKernel\\Exception\\NotFoundHttpException))
#16 /home/oiibl6l60ctq/public_html/warmzilla.diginordic.co.uk/vendor/laravel/framework/src/Illuminate/Pipeline/Pipeline.php(130): Illuminate\\Routing\\Pipeline->handleException(Object(Illuminate\\Http\\Request), Object(Symfony\\Component\\HttpKernel\\Exception\\NotFoundHttpException))
#17 /home/oiibl6l60ctq/public_html/warmzilla.diginordic.co.uk/vendor/laravel/framework/src/Illuminate/Foundation/Http/Middleware/TransformsRequest.php(21): Illuminate\\Pipeline\\Pipeline->Illuminate\\Pipeline\\{closure}(Object(Illuminate\\Http\\Request))
#18 /home/oiibl6l60ctq/public_html/warmzilla.diginordic.co.uk/vendor/laravel/framework/src/Illuminate/Pipeline/Pipeline.php(167): Illuminate\\Foundation\\Http\\Middleware\\TransformsRequest->handle(Object(Illuminate\\Http\\Request), Object(Closure))
#19 /home/oiibl6l60ctq/public_html/warmzilla.diginordic.co.uk/vendor/laravel/framework/src/Illuminate/Foundation/Http/Middleware/TransformsRequest.php(21): Illuminate\\Pipeline\\Pipeline->Illuminate\\Pipeline\\{closure}(Object(Illuminate\\Http\\Request))
#20 /home/oiibl6l60ctq/public_html/warmzilla.diginordic.co.uk/vendor/laravel/framework/src/Illuminate/Pipeline/Pipeline.php(167): Illuminate\\Foundation\\Http\\Middleware\\TransformsRequest->handle(Object(Illuminate\\Http\\Request), Object(Closure))
#21 /home/oiibl6l60ctq/public_html/warmzilla.diginordic.co.uk/vendor/laravel/framework/src/Illuminate/Foundation/Http/Middleware/ValidatePostSize.php(27): Illuminate\\Pipeline\\Pipeline->Illuminate\\Pipeline\\{closure}(Object(Illuminate\\Http\\Request))
#22 /home/oiibl6l60ctq/public_html/warmzilla.diginordic.co.uk/vendor/laravel/framework/src/Illuminate/Pipeline/Pipeline.php(167): Illuminate\\Foundation\\Http\\Middleware\\ValidatePostSize->handle(Object(Illuminate\\Http\\Request), Object(Closure))
#23 /home/oiibl6l60ctq/public_html/warmzilla.diginordic.co.uk/vendor/laravel/framework/src/Illuminate/Foundation/Http/Middleware/PreventRequestsDuringMaintenance.php(86): Illuminate\\Pipeline\\Pipeline->Illuminate\\Pipeline\\{closure}(Object(Illuminate\\Http\\Request))
#24 /home/oiibl6l60ctq/public_html/warmzilla.diginordic.co.uk/vendor/laravel/framework/src/Illuminate/Pipeline/Pipeline.php(167): Illuminate\\Foundation\\Http\\Middleware\\PreventRequestsDuringMaintenance->handle(Object(Illuminate\\Http\\Request), Object(Closure))
#25 /home/oiibl6l60ctq/public_html/warmzilla.diginordic.co.uk/vendor/fruitcake/laravel-cors/src/HandleCors.php(37): Illuminate\\Pipeline\\Pipeline->Illuminate\\Pipeline\\{closure}(Object(Illuminate\\Http\\Request))
#26 /home/oiibl6l60ctq/public_html/warmzilla.diginordic.co.uk/vendor/laravel/framework/src/Illuminate/Pipeline/Pipeline.php(167): Fruitcake\\Cors\\HandleCors->handle(Object(Illuminate\\Http\\Request), Object(Closure))
#27 /home/oiibl6l60ctq/public_html/warmzilla.diginordic.co.uk/vendor/fideloper/proxy/src/TrustProxies.php(57): Illuminate\\Pipeline\\Pipeline->Illuminate\\Pipeline\\{closure}(Object(Illuminate\\Http\\Request))
#28 /home/oiibl6l60ctq/public_html/warmzilla.diginordic.co.uk/vendor/laravel/framework/src/Illuminate/Pipeline/Pipeline.php(167): Fideloper\\Proxy\\TrustProxies->handle(Object(Illuminate\\Http\\Request), Object(Closure))
#29 /home/oiibl6l60ctq/public_html/warmzilla.diginordic.co.uk/vendor/laravel/framework/src/Illuminate/Pipeline/Pipeline.php(103): Illuminate\\Pipeline\\Pipeline->Illuminate\\Pipeline\\{closure}(Object(Illuminate\\Http\\Request))
#30 /home/oiibl6l60ctq/public_html/warmzilla.diginordic.co.uk/vendor/laravel/framework/src/Illuminate/Foundation/Http/Kernel.php(141): Illuminate\\Pipeline\\Pipeline->then(Object(Closure))
#31 /home/oiibl6l60ctq/public_html/warmzilla.diginordic.co.uk/vendor/laravel/framework/src/Illuminate/Foundation/Http/Kernel.php(110): Illuminate\\Foundation\\Http\\Kernel->sendRequestThroughRouter(Object(Illuminate\\Http\\Request))
#32 /home/oiibl6l60ctq/public_html/warmzilla.diginordic.co.uk/public/index.php(52): Illuminate\\Foundation\\Http\\Kernel->handle(Object(Illuminate\\Http\\Request))
#33 {main}
"} 
